<?xml version="1.0" encoding="UTF-8"?>
<testng-results skipped="12" failed="0" total="12" passed="0">
  <reporter-output>
  </reporter-output>
  <suite name="TSDS - ECDS" duration-ms="24" started-at="2018-05-02T18:33:34Z" finished-at="2018-05-02T18:33:34Z">
    <groups>
    </groups>
    <test name="ECDS Regression Testing - ECD1_104_001" duration-ms="24" started-at="2018-05-02T18:33:34Z" finished-at="2018-05-02T18:33:34Z">
      <class name="tea.ivv.tsds.ecds.TSDSEcdsEndToEndIntegrationIT">
        <test-method status="FAIL" signature="setUp()[pri:0, instance:tea.ivv.tsds.ecds.TSDSEcdsEndToEndIntegrationIT@4923ab24]" name="setUp" is-config="true" duration-ms="0" started-at="2018-05-02T13:33:34Z" finished-at="2018-05-02T13:33:34Z">
          <exception class="java.lang.IllegalStateException">
            <message>
              <![CDATA[The driver executable does not exist: C:\Users\praju\eclipse-workspace\testautomationscripts\trunk\Solution\TSDS\null\resources\chromedriver.exe]]>
            </message>
            <full-stacktrace>
              <![CDATA[java.lang.IllegalStateException: The driver executable does not exist: C:\Users\praju\eclipse-workspace\testautomationscripts\trunk\Solution\TSDS\null\resources\chromedriver.exe
	at com.google.common.base.Preconditions.checkState(Preconditions.java:534)
	at org.openqa.selenium.remote.service.DriverService.checkExecutable(DriverService.java:136)
	at org.openqa.selenium.remote.service.DriverService$Builder.usingDriverExecutable(DriverService.java:255)
	at us.tx.state.tea.seleniumfw.ChromeDriverManager.startService(ChromeDriverManager.java:54)
	at us.tx.state.tea.seleniumfw.DriverManager.getRemoteDriver(DriverManager.java:55)
	at tea.ivv.tsds.ecds.TSDSEcdsEndToEndIntegrationIT.setUp(TSDSEcdsEndToEndIntegrationIT.java:61)
	at sun.reflect.NativeMethodAccessorImpl.invoke0(Native Method)
	at sun.reflect.NativeMethodAccessorImpl.invoke(Unknown Source)
	at sun.reflect.DelegatingMethodAccessorImpl.invoke(Unknown Source)
	at java.lang.reflect.Method.invoke(Unknown Source)
	at org.testng.internal.MethodInvocationHelper.invokeMethod(MethodInvocationHelper.java:86)
	at org.testng.internal.Invoker.invokeConfigurationMethod(Invoker.java:514)
	at org.testng.internal.Invoker.invokeConfigurations(Invoker.java:215)
	at org.testng.internal.Invoker.invokeConfigurations(Invoker.java:142)
	at org.testng.SuiteRunner.privateRun(SuiteRunner.java:305)
	at org.testng.SuiteRunner.run(SuiteRunner.java:268)
	at org.testng.SuiteRunnerWorker.runSuite(SuiteRunnerWorker.java:52)
	at org.testng.SuiteRunnerWorker.run(SuiteRunnerWorker.java:86)
	at org.testng.TestNG.runSuitesSequentially(TestNG.java:1244)
	at org.testng.TestNG.runSuitesLocally(TestNG.java:1169)
	at org.testng.TestNG.run(TestNG.java:1064)
	at org.testng.remote.AbstractRemoteTestNG.run(AbstractRemoteTestNG.java:114)
	at org.testng.remote.RemoteTestNG.initAndRun(RemoteTestNG.java:251)
	at org.testng.remote.RemoteTestNG.main(RemoteTestNG.java:77)
]]>
            </full-stacktrace>
          </exception> <!-- java.lang.IllegalStateException -->
          <reporter-output>
          </reporter-output>
        </test-method> <!-- setUp -->
        <test-method status="SKIP" signature="testLogin(java.lang.String, java.lang.String)[pri:0, instance:tea.ivv.tsds.ecds.TSDSEcdsEndToEndIntegrationIT@4923ab24]" name="testLogin" duration-ms="1" started-at="2018-05-02T13:33:34Z" description="Test 1.0 - Login to TEAL" finished-at="2018-05-02T13:33:34Z">
          <params>
            <param index="0">
              <value>
                <![CDATA[TSDSRegression.ECDSApprover]]>
              </value>
            </param>
            <param index="1">
              <value>
                <![CDATA[VGVzdCEyMzQ1JA==]]>
              </value>
            </param>
          </params>
          <reporter-output>
          </reporter-output>
        </test-method> <!-- testLogin -->
        <test-method status="SKIP" signature="launchTSDSPortal()[pri:0, instance:tea.ivv.tsds.ecds.TSDSEcdsEndToEndIntegrationIT@4923ab24]" name="launchTSDSPortal" duration-ms="1" started-at="2018-05-02T13:33:34Z" description="Test 2.0 - Launch TSDS Portal Link" finished-at="2018-05-02T13:33:34Z">
          <reporter-output>
          </reporter-output>
        </test-method> <!-- launchTSDSPortal -->
        <test-method status="SKIP" signature="testSelectOrgID(java.lang.String)[pri:0, instance:tea.ivv.tsds.ecds.TSDSEcdsEndToEndIntegrationIT@4923ab24]" name="testSelectOrgID" duration-ms="1" started-at="2018-05-02T13:33:34Z" description="Test 3.0 - Selecting organization id " finished-at="2018-05-02T13:33:34Z">
          <params>
            <param index="0">
              <value>
                <![CDATA[247906]]>
              </value>
            </param>
          </params>
          <reporter-output>
          </reporter-output>
        </test-method> <!-- testSelectOrgID -->
        <test-method status="SKIP" signature="testLaunchCoreCollection()[pri:0, instance:tea.ivv.tsds.ecds.TSDSEcdsEndToEndIntegrationIT@4923ab24]" name="testLaunchCoreCollection" duration-ms="1" started-at="2018-05-02T13:33:34Z" description="Test 4.0 - Launch Core Collection" finished-at="2018-05-02T13:33:34Z">
          <reporter-output>
          </reporter-output>
        </test-method> <!-- testLaunchCoreCollection -->
        <test-method status="SKIP" signature="testLaunchECDSApplicationHome()[pri:0, instance:tea.ivv.tsds.ecds.TSDSEcdsEndToEndIntegrationIT@4923ab24]" name="testLaunchECDSApplicationHome" duration-ms="0" started-at="2018-05-02T13:33:34Z" description="Test 5.0 - Launch ECDS Application Home" finished-at="2018-05-02T13:33:34Z">
          <reporter-output>
          </reporter-output>
        </test-method> <!-- testLaunchECDSApplicationHome -->
        <test-method status="SKIP" signature="testSetUpParams(java.lang.String, java.lang.String)[pri:0, instance:tea.ivv.tsds.ecds.TSDSEcdsEndToEndIntegrationIT@4923ab24]" name="testSetUpParams" duration-ms="1" started-at="2018-05-02T13:33:34Z" description="Test 6.0 - Select Parameters" finished-at="2018-05-02T13:33:34Z">
          <params>
            <param index="0">
              <value>
                <![CDATA[2016-2017]]>
              </value>
            </param>
            <param index="1">
              <value>
                <![CDATA[KG]]>
              </value>
            </param>
          </params>
          <reporter-output>
          </reporter-output>
        </test-method> <!-- testSetUpParams -->
        <test-method status="SKIP" signature="testLaunchPrepareFinalizeSubmission()[pri:0, instance:tea.ivv.tsds.ecds.TSDSEcdsEndToEndIntegrationIT@4923ab24]" name="testLaunchPrepareFinalizeSubmission" duration-ms="0" started-at="2018-05-02T13:33:34Z" description="Test 7.0 - Launch Prepare / Finalize Submission tab" finished-at="2018-05-02T13:33:34Z">
          <reporter-output>
          </reporter-output>
        </test-method> <!-- testLaunchPrepareFinalizeSubmission -->
        <test-method status="SKIP" signature="testRunPrepare()[pri:0, instance:tea.ivv.tsds.ecds.TSDSEcdsEndToEndIntegrationIT@4923ab24]" name="testRunPrepare" duration-ms="0" started-at="2018-05-02T13:33:34Z" description="Test 9.0 - Run Prepare" finished-at="2018-05-02T13:33:34Z">
          <reporter-output>
          </reporter-output>
        </test-method> <!-- testRunPrepare -->
        <test-method status="SKIP" signature="testRunValidate()[pri:0, instance:tea.ivv.tsds.ecds.TSDSEcdsEndToEndIntegrationIT@4923ab24]" name="testRunValidate" duration-ms="1" started-at="2018-05-02T13:33:34Z" description="Test 10.0 - Run Validate Submission Data" finished-at="2018-05-02T13:33:34Z">
          <reporter-output>
          </reporter-output>
        </test-method> <!-- testRunValidate -->
        <test-method status="SKIP" signature="testRunComplete()[pri:0, instance:tea.ivv.tsds.ecds.TSDSEcdsEndToEndIntegrationIT@4923ab24]" name="testRunComplete" duration-ms="0" started-at="2018-05-02T13:33:34Z" description="Test 11.0 - Run Complete" finished-at="2018-05-02T13:33:34Z">
          <reporter-output>
          </reporter-output>
        </test-method> <!-- testRunComplete -->
        <test-method status="SKIP" signature="testRunReset()[pri:0, instance:tea.ivv.tsds.ecds.TSDSEcdsEndToEndIntegrationIT@4923ab24]" name="testRunReset" duration-ms="0" started-at="2018-05-02T13:33:34Z" description="Test 12.0 - Run Reset" finished-at="2018-05-02T13:33:34Z">
          <reporter-output>
          </reporter-output>
        </test-method> <!-- testRunReset -->
        <test-method status="SKIP" signature="runReports(java.lang.String, java.lang.String, java.lang.String)[pri:0, instance:tea.ivv.tsds.ecds.TSDSEcdsEndToEndIntegrationIT@4923ab24]" name="runReports" duration-ms="0" started-at="2018-05-02T13:33:34Z" description="Test 13.0 - Run Reports" finished-at="2018-05-02T13:33:34Z">
          <params>
            <param index="0">
              <value>
                <![CDATA[247906]]>
              </value>
            </param>
            <param index="1">
              <value>
                <![CDATA[ECD0-000-001]]>
              </value>
            </param>
            <param index="2">
              <value>
                <![CDATA[2017_KG]]>
              </value>
            </param>
          </params>
          <reporter-output>
          </reporter-output>
        </test-method> <!-- runReports -->
        <test-method status="PASS" signature="setupAfterSuite()[pri:0, instance:tea.ivv.tsds.ecds.TSDSEcdsEndToEndIntegrationIT@4923ab24]" name="setupAfterSuite" is-config="true" duration-ms="3" started-at="2018-05-02T13:33:34Z" finished-at="2018-05-02T13:33:34Z">
          <reporter-output>
          </reporter-output>
        </test-method> <!-- setupAfterSuite -->
      </class> <!-- tea.ivv.tsds.ecds.TSDSEcdsEndToEndIntegrationIT -->
    </test> <!-- ECDS Regression Testing - ECD1_104_001 -->
  </suite> <!-- TSDS - ECDS -->
</testng-results>
